<?xml version="1.0" encoding="UTF-8"?>
<!-- Generated by org.testng.reporters.JUnitReportReporter -->
<testsuite skipped="0" hostname="suman" name="TestAutomation.SeleniumTest.UnitTest" tests="3" failures="0" timestamp="2020-02-20T07:50:27 NPT" time="0.024" errors="0">
  <testcase name="PalindromeInvalidInputTest" time="0.020" classname="TestAutomation.SeleniumTest.UnitTest"/>
  <testcase name="PalindromeNegativeTest" time="0.002" classname="TestAutomation.SeleniumTest.UnitTest"/>
  <testcase name="PalindromePositiveTest" time="0.002" classname="TestAutomation.SeleniumTest.UnitTest"/>
</testsuite> <!-- TestAutomation.SeleniumTest.UnitTest -->
