<?xml version="1.0" encoding="UTF-8"?>
<!-- Generated by org.testng.reporters.JUnitReportReporter -->
<testsuite skipped="0" hostname="suman" name="TestAutomation.SeleniumTest.WebTest" tests="1" failures="0" timestamp="2020-02-20T08:09:00 NPT" time="0.806" errors="0">
  <testcase name="Test1" time="0.806" classname="TestAutomation.SeleniumTest.WebTest"/>
</testsuite> <!-- TestAutomation.SeleniumTest.WebTest -->
